2025-12-11 07:34:24 DEBUG org.testng.TestNG - suiteXmlPath: "C:\Users\HELLO PC\OneDrive\Documents\selenium\OpencartV121\test-output\testng-failed.xml"
2025-12-11 07:34:24 INFO  org.testng.internal.Utils - [TestNG] Running:
  C:\Users\HELLO PC\OneDrive\Documents\selenium\OpencartV121\test-output\testng-failed.xml

2025-12-11 07:34:26 INFO  testCases.TC002_LoginTest - URL opened: https://tutorialsninja.com/demo/
2025-12-11 07:34:29 INFO  testCases.TC002_LoginTest - ....Started TC002_LoginTest..........
2025-12-11 07:34:32 INFO  testCases.TC002_LoginTest - ....Completed TC002_LoginTest..........
2025-12-11 07:37:08 DEBUG org.testng.TestNG - suiteXmlPath: "C:\Users\HELLO PC\OneDrive\Documents\selenium\OpencartV121\master.xml"
2025-12-11 07:37:09 INFO  org.testng.internal.Utils - [TestNG] Running:
  C:\Users\HELLO PC\OneDrive\Documents\selenium\OpencartV121\master.xml

2025-12-11 07:37:11 INFO  testCases.TC001_AccountRegistartionTest - URL opened: https://tutorialsninja.com/demo/
2025-12-11 07:37:14 INFO  testCases.TC001_AccountRegistartionTest - .....started TC001_AccountRegistartionTest.......
2025-12-11 07:37:14 INFO  testCases.TC001_AccountRegistartionTest - ...Clicked on my _account link..
2025-12-11 07:37:15 INFO  testCases.TC001_AccountRegistartionTest - ...Clicked on reg link..
2025-12-11 07:37:15 INFO  testCases.TC001_AccountRegistartionTest - ...Providing customer info ...
2025-12-11 07:37:16 INFO  testCases.TC001_AccountRegistartionTest - ...validating exp msg ...
2025-12-11 07:37:16 ERROR testCases.TC001_AccountRegistartionTest - Test failed
2025-12-11 07:37:16 DEBUG testCases.TC001_AccountRegistartionTest - debug logs
2025-12-11 07:37:18 INFO  testCases.TC002_LoginTest - URL opened: https://tutorialsninja.com/demo/
2025-12-11 07:37:21 INFO  testCases.TC002_LoginTest - ....Started TC002_LoginTest..........
2025-12-11 07:37:23 INFO  testCases.TC002_LoginTest - ....Completed TC002_LoginTest..........
2025-12-11 07:39:05 DEBUG org.testng.TestNG - suiteXmlPath: "C:\Users\HELLO PC\OneDrive\Documents\selenium\OpencartV121\master.xml"
2025-12-11 07:39:05 INFO  org.testng.internal.Utils - [TestNG] Running:
  C:\Users\HELLO PC\OneDrive\Documents\selenium\OpencartV121\master.xml

2025-12-11 07:39:07 INFO  testCases.TC001_AccountRegistartionTest - URL opened: https://tutorialsninja.com/demo/
2025-12-11 07:39:10 INFO  testCases.TC001_AccountRegistartionTest - .....started TC001_AccountRegistartionTest.......
2025-12-11 07:39:11 INFO  testCases.TC001_AccountRegistartionTest - ...Clicked on my _account link..
2025-12-11 07:39:11 INFO  testCases.TC001_AccountRegistartionTest - ...Clicked on reg link..
2025-12-11 07:39:11 INFO  testCases.TC001_AccountRegistartionTest - ...Providing customer info ...
2025-12-11 07:39:13 INFO  testCases.TC001_AccountRegistartionTest - ...validating exp msg ...
2025-12-11 07:39:13 ERROR testCases.TC001_AccountRegistartionTest - Test failed
2025-12-11 07:39:13 DEBUG testCases.TC001_AccountRegistartionTest - debug logs
2025-12-11 07:39:14 INFO  testCases.TC002_LoginTest - URL opened: https://tutorialsninja.com/demo/
2025-12-11 07:39:17 INFO  testCases.TC002_LoginTest - ....Started TC002_LoginTest..........
2025-12-11 10:26:47 DEBUG org.testng.TestNG - suiteXmlPath: "C:\Users\HELLO PC\OneDrive\Documents\selenium\OpencartV121\master.xml"
2025-12-11 10:26:47 INFO  org.testng.internal.Utils - [TestNG] Running:
  C:\Users\HELLO PC\OneDrive\Documents\selenium\OpencartV121\master.xml

2025-12-11 10:27:06 DEBUG org.testng.TestNG - suiteXmlPath: "C:\Users\HELLO PC\OneDrive\Documents\selenium\OpencartV121\master.xml"
2025-12-11 10:27:07 INFO  org.testng.internal.Utils - [TestNG] Running:
  C:\Users\HELLO PC\OneDrive\Documents\selenium\OpencartV121\master.xml

2025-12-11 10:27:56 DEBUG org.testng.TestNG - suiteXmlPath: "C:\Users\HELLO PC\OneDrive\Documents\selenium\OpencartV121\master.xml"
2025-12-11 10:27:56 INFO  org.testng.internal.Utils - [TestNG] Running:
  C:\Users\HELLO PC\OneDrive\Documents\selenium\OpencartV121\master.xml

2025-12-11 10:28:40 DEBUG org.testng.TestNG - suiteXmlPath: "C:\Users\HELLO PC\OneDrive\Documents\selenium\OpencartV121\master.xml"
2025-12-11 10:28:40 INFO  org.testng.internal.Utils - [TestNG] Running:
  C:\Users\HELLO PC\OneDrive\Documents\selenium\OpencartV121\master.xml

2025-12-11 10:30:12 DEBUG org.testng.TestNG - suiteXmlPath: "C:\Users\HELLO PC\OneDrive\Documents\selenium\OpencartV121\master.xml"
2025-12-11 10:30:12 INFO  org.testng.internal.Utils - [TestNG] Running:
  C:\Users\HELLO PC\OneDrive\Documents\selenium\OpencartV121\master.xml

2025-12-11 10:34:16 DEBUG org.testng.TestNG - suiteXmlPath: "C:\Users\HELLO PC\OneDrive\Documents\selenium\OpencartV121\master.xml"
2025-12-11 10:34:16 INFO  org.testng.internal.Utils - [TestNG] Running:
  C:\Users\HELLO PC\OneDrive\Documents\selenium\OpencartV121\master.xml

2025-12-11 10:35:46 DEBUG org.testng.TestNG - suiteXmlPath: "C:\Users\HELLO PC\OneDrive\Documents\selenium\OpencartV121\master.xml"
2025-12-11 10:35:46 INFO  org.testng.internal.Utils - [TestNG] Running:
  C:\Users\HELLO PC\OneDrive\Documents\selenium\OpencartV121\master.xml

2025-12-11 10:37:30 DEBUG org.testng.TestNG - suiteXmlPath: "C:\Users\HELLO PC\OneDrive\Documents\selenium\OpencartV121\master.xml"
2025-12-11 10:37:30 INFO  org.testng.internal.Utils - [TestNG] Running:
  C:\Users\HELLO PC\OneDrive\Documents\selenium\OpencartV121\master.xml

2025-12-11 10:38:56 DEBUG org.testng.TestNG - suiteXmlPath: "C:\Users\HELLO PC\OneDrive\Documents\selenium\OpencartV121\master.xml"
2025-12-11 10:38:57 INFO  org.testng.internal.Utils - [TestNG] Running:
  C:\Users\HELLO PC\OneDrive\Documents\selenium\OpencartV121\master.xml

2025-12-11 10:40:07 DEBUG org.testng.TestNG - suiteXmlPath: "C:\Users\HELLO PC\OneDrive\Documents\selenium\OpencartV121\master.xml"
2025-12-11 10:40:08 INFO  org.testng.internal.Utils - [TestNG] Running:
  C:\Users\HELLO PC\OneDrive\Documents\selenium\OpencartV121\master.xml

2025-12-11 10:41:03 INFO  testCases.TC001_AccountRegistartionTest - URL opened: https://tutorialsninja.com/demo/
2025-12-11 10:41:33 DEBUG org.testng.TestNG - suiteXmlPath: "C:\Users\HELLO PC\OneDrive\Documents\selenium\OpencartV121\master.xml"
2025-12-11 10:41:33 INFO  org.testng.internal.Utils - [TestNG] Running:
  C:\Users\HELLO PC\OneDrive\Documents\selenium\OpencartV121\master.xml

2025-12-11 10:42:28 INFO  testCases.TC001_AccountRegistartionTest - URL opened: https://tutorialsninja.com/demo/
2025-12-11 10:42:31 INFO  testCases.TC001_AccountRegistartionTest - .....started TC001_AccountRegistartionTest.......
2025-12-11 10:42:31 INFO  testCases.TC001_AccountRegistartionTest - ...Clicked on my _account link..
2025-12-11 10:42:33 INFO  testCases.TC001_AccountRegistartionTest - ...Clicked on reg link..
2025-12-11 10:42:33 INFO  testCases.TC001_AccountRegistartionTest - ...Providing customer info ...
2025-12-11 10:42:34 INFO  testCases.TC001_AccountRegistartionTest - ...validating exp msg ...
2025-12-11 10:42:35 INFO  testCases.TC001_AccountRegistartionTest - .....finished TC001_AccountRegistartionTest.......
2025-12-11 10:42:39 INFO  testCases.TC002_LoginTest - URL opened: https://tutorialsninja.com/demo/
2025-12-11 10:42:42 INFO  testCases.TC002_LoginTest - ....Started TC002_LoginTest..........
2025-12-11 10:42:45 INFO  testCases.TC002_LoginTest - ....Completed TC002_LoginTest..........
2025-12-11 10:43:41 DEBUG org.testng.TestNG - suiteXmlPath: "C:\Users\HELLO PC\OneDrive\Documents\selenium\OpencartV121\master.xml"
2025-12-11 10:43:41 INFO  org.testng.internal.Utils - [TestNG] Running:
  C:\Users\HELLO PC\OneDrive\Documents\selenium\OpencartV121\master.xml

2025-12-11 10:45:30 DEBUG org.testng.TestNG - suiteXmlPath: "C:\Users\HELLO PC\OneDrive\Documents\selenium\OpencartV121\master.xml"
2025-12-11 10:45:30 INFO  org.testng.internal.Utils - [TestNG] Running:
  C:\Users\HELLO PC\OneDrive\Documents\selenium\OpencartV121\master.xml

2025-12-11 10:46:00 DEBUG org.testng.TestNG - suiteXmlPath: "C:\Users\HELLO PC\OneDrive\Documents\selenium\OpencartV121\master.xml"
2025-12-11 10:46:01 INFO  org.testng.internal.Utils - [TestNG] Running:
  C:\Users\HELLO PC\OneDrive\Documents\selenium\OpencartV121\master.xml

2025-12-11 10:49:00 DEBUG org.testng.TestNG - suiteXmlPath: "C:\Users\HELLO PC\OneDrive\Documents\selenium\OpencartV121\master.xml"
2025-12-11 10:49:00 INFO  org.testng.internal.Utils - [TestNG] Running:
  C:\Users\HELLO PC\OneDrive\Documents\selenium\OpencartV121\master.xml

2025-12-11 10:53:40 DEBUG org.testng.TestNG - suiteXmlPath: "C:\Users\HELLO PC\OneDrive\Documents\selenium\OpencartV121\crossbrowsertesting.xml"
2025-12-11 10:53:40 INFO  org.testng.internal.Utils - [TestNG] Running:
  C:\Users\HELLO PC\OneDrive\Documents\selenium\OpencartV121\crossbrowsertesting.xml

2025-12-11 10:59:14 DEBUG org.testng.TestNG - suiteXmlPath: "C:\Users\HELLO PC\OneDrive\Documents\selenium\OpencartV121\master.xml"
2025-12-11 10:59:15 INFO  org.testng.internal.Utils - [TestNG] Running:
  C:\Users\HELLO PC\OneDrive\Documents\selenium\OpencartV121\master.xml

2025-12-11 11:07:56 DEBUG org.testng.TestNG - suiteXmlPath: "C:\Users\HELLO PC\OneDrive\Documents\selenium\OpencartV121\master.xml"
2025-12-11 11:07:56 INFO  org.testng.internal.Utils - [TestNG] Running:
  C:\Users\HELLO PC\OneDrive\Documents\selenium\OpencartV121\master.xml

2025-12-11 15:06:31 DEBUG org.testng.TestNG - suiteXmlPath: "C:\Users\HELLO PC\OneDrive\Documents\selenium\OpencartV121\master.xml"
2025-12-11 15:06:31 INFO  org.testng.internal.Utils - [TestNG] Running:
  C:\Users\HELLO PC\OneDrive\Documents\selenium\OpencartV121\master.xml

2025-12-11 15:40:28 DEBUG org.testng.TestNG - suiteXmlPath: "C:\Users\HELLO PC\OneDrive\Documents\selenium\OpencartV121\grid-docker.xml"
2025-12-11 15:40:28 INFO  org.testng.internal.Utils - [TestNG] Running:
  C:\Users\HELLO PC\OneDrive\Documents\selenium\OpencartV121\grid-docker.xml

2025-12-11 15:40:29 INFO  testCases.TC001_AccountRegistartionTest - .....started TC001_AccountRegistartionTest.......
2025-12-11 15:40:29 INFO  testCases.TC002_LoginTest - ....Started TC002_LoginTest..........
2025-12-11 15:40:29 ERROR testCases.TC002_LoginTest - Test failed: 
java.lang.NullPointerException: Cannot invoke "org.openqa.selenium.SearchContext.findElement(org.openqa.selenium.By)" because "this.searchContext" is null
	at org.openqa.selenium.support.pagefactory.DefaultElementLocator.findElement(DefaultElementLocator.java:68)
	at org.openqa.selenium.support.pagefactory.internal.LocatingElementHandler.invoke(LocatingElementHandler.java:38)
	at jdk.proxy2/jdk.proxy2.$Proxy30.click(Unknown Source)
	at pageObjects.HomePage.clickMyAccount(HomePage.java:32)
	at testCases.TC002_LoginTest.verify_login(TC002_LoginTest.java:20)
	at java.base/jdk.internal.reflect.DirectMethodHandleAccessor.invoke(DirectMethodHandleAccessor.java:103)
	at java.base/java.lang.reflect.Method.invoke(Method.java:580)
	at org.testng.internal.invokers.MethodInvocationHelper.invokeMethod(MethodInvocationHelper.java:141)
	at org.testng.internal.invokers.TestInvoker.invokeMethod(TestInvoker.java:687)
	at org.testng.internal.invokers.TestInvoker.invokeTestMethod(TestInvoker.java:230)
	at org.testng.internal.invokers.MethodRunner.runInSequence(MethodRunner.java:63)
	at org.testng.internal.invokers.TestInvoker$MethodInvocationAgent.invoke(TestInvoker.java:995)
	at org.testng.internal.invokers.TestInvoker.invokeTestMethods(TestInvoker.java:203)
	at org.testng.internal.invokers.TestMethodWorker.invokeTestMethods(TestMethodWorker.java:154)
	at org.testng.internal.invokers.TestMethodWorker.run(TestMethodWorker.java:134)
	at java.base/java.util.ArrayList.forEach(ArrayList.java:1596)
	at org.testng.TestRunner.privateRun(TestRunner.java:741)
	at org.testng.TestRunner.run(TestRunner.java:616)
	at org.testng.SuiteRunner.runTest(SuiteRunner.java:421)
	at org.testng.SuiteRunner.runSequentially(SuiteRunner.java:413)
	at org.testng.SuiteRunner.privateRun(SuiteRunner.java:373)
	at org.testng.SuiteRunner.run(SuiteRunner.java:312)
	at org.testng.SuiteRunnerWorker.runSuite(SuiteRunnerWorker.java:52)
	at org.testng.SuiteRunnerWorker.run(SuiteRunnerWorker.java:95)
	at org.testng.TestNG.runSuitesSequentially(TestNG.java:1274)
	at org.testng.TestNG.runSuitesLocally(TestNG.java:1208)
	at org.testng.TestNG.runSuites(TestNG.java:1112)
	at org.testng.TestNG.run(TestNG.java:1079)
	at org.testng.remote.AbstractRemoteTestNG.run(AbstractRemoteTestNG.java:115)
	at org.testng.remote.RemoteTestNG.initAndRun(RemoteTestNG.java:293)
	at org.testng.remote.RemoteTestNG.main(RemoteTestNG.java:91)
2025-12-11 15:43:03 DEBUG org.testng.TestNG - suiteXmlPath: "C:\Users\HELLO PC\OneDrive\Documents\selenium\OpencartV121\grid-docker.xml"
2025-12-11 15:43:03 INFO  org.testng.internal.Utils - [TestNG] Running:
  C:\Users\HELLO PC\OneDrive\Documents\selenium\OpencartV121\grid-docker.xml

2025-12-11 15:43:10 INFO  testCases.TC001_AccountRegistartionTest - URL opened: https://tutorialsninja.com/demo/
2025-12-11 15:43:13 INFO  testCases.TC001_AccountRegistartionTest - .....started TC001_AccountRegistartionTest.......
2025-12-11 15:43:14 INFO  testCases.TC001_AccountRegistartionTest - ...Clicked on my _account link..
2025-12-11 15:43:14 INFO  testCases.TC001_AccountRegistartionTest - ...Clicked on reg link..
2025-12-11 15:43:14 INFO  testCases.TC001_AccountRegistartionTest - ...Providing customer info ...
2025-12-11 15:43:16 INFO  testCases.TC001_AccountRegistartionTest - ...validating exp msg ...
2025-12-11 15:43:16 INFO  testCases.TC001_AccountRegistartionTest - .....finished TC001_AccountRegistartionTest.......
2025-12-11 15:43:18 INFO  testCases.TC002_LoginTest - URL opened: https://tutorialsninja.com/demo/
2025-12-11 15:43:21 INFO  testCases.TC002_LoginTest - ....Started TC002_LoginTest..........
2025-12-11 15:43:24 INFO  testCases.TC002_LoginTest - ....Completed TC002_LoginTest..........
2025-12-11 15:46:14 DEBUG org.testng.TestNG - suiteXmlPath: "C:\Users\HELLO PC\OneDrive\Documents\selenium\OpencartV121\grid-docker.xml"
2025-12-11 15:46:14 INFO  org.testng.internal.Utils - [TestNG] Running:
  C:\Users\HELLO PC\OneDrive\Documents\selenium\OpencartV121\grid-docker.xml

2025-12-11 15:46:17 INFO  testCases.TC001_AccountRegistartionTest - URL opened: https://tutorialsninja.com/demo/
2025-12-11 15:46:20 INFO  testCases.TC001_AccountRegistartionTest - .....started TC001_AccountRegistartionTest.......
2025-12-11 15:46:20 INFO  testCases.TC001_AccountRegistartionTest - ...Clicked on my _account link..
2025-12-11 15:46:20 INFO  testCases.TC001_AccountRegistartionTest - ...Clicked on reg link..
2025-12-11 15:46:20 INFO  testCases.TC001_AccountRegistartionTest - ...Providing customer info ...
2025-12-11 15:46:22 INFO  testCases.TC001_AccountRegistartionTest - ...validating exp msg ...
2025-12-11 15:46:22 INFO  testCases.TC001_AccountRegistartionTest - .....finished TC001_AccountRegistartionTest.......
2025-12-11 15:46:24 INFO  testCases.TC002_LoginTest - URL opened: https://tutorialsninja.com/demo/
2025-12-11 15:46:27 INFO  testCases.TC002_LoginTest - ....Started TC002_LoginTest..........
2025-12-11 15:46:30 INFO  testCases.TC002_LoginTest - ....Completed TC002_LoginTest..........
2025-12-11 15:51:34 DEBUG org.testng.TestNG - suiteXmlPath: "C:\Users\HELLO PC\OneDrive\Documents\selenium\OpencartV121\grid-docker.xml"
2025-12-11 15:51:34 INFO  org.testng.internal.Utils - [TestNG] Running:
  C:\Users\HELLO PC\OneDrive\Documents\selenium\OpencartV121\grid-docker.xml

2025-12-11 15:51:42 INFO  testCases.TC001_AccountRegistartionTest - URL opened: https://tutorialsninja.com/demo/
2025-12-11 15:51:45 INFO  testCases.TC001_AccountRegistartionTest - .....started TC001_AccountRegistartionTest.......
2025-12-11 15:51:46 INFO  testCases.TC001_AccountRegistartionTest - ...Clicked on my _account link..
2025-12-11 15:51:46 INFO  testCases.TC001_AccountRegistartionTest - ...Clicked on reg link..
2025-12-11 15:51:46 INFO  testCases.TC001_AccountRegistartionTest - ...Providing customer info ...
2025-12-11 15:51:49 INFO  testCases.TC001_AccountRegistartionTest - ...validating exp msg ...
2025-12-11 15:51:49 INFO  testCases.TC001_AccountRegistartionTest - .....finished TC001_AccountRegistartionTest.......
2025-12-11 15:51:51 INFO  testCases.TC002_LoginTest - URL opened: https://tutorialsninja.com/demo/
2025-12-11 15:51:54 INFO  testCases.TC002_LoginTest - ....Started TC002_LoginTest..........
2025-12-11 15:51:56 INFO  testCases.TC002_LoginTest - ....Completed TC002_LoginTest..........
2025-12-11 15:53:04 DEBUG org.testng.TestNG - suiteXmlPath: "C:\Users\HELLO PC\OneDrive\Documents\selenium\OpencartV121\grid-docker.xml"
2025-12-11 15:53:04 INFO  org.testng.internal.Utils - [TestNG] Running:
  C:\Users\HELLO PC\OneDrive\Documents\selenium\OpencartV121\grid-docker.xml

2025-12-11 15:53:06 INFO  testCases.TC001_AccountRegistartionTest - URL opened: https://tutorialsninja.com/demo/
2025-12-11 15:53:10 INFO  testCases.TC001_AccountRegistartionTest - .....started TC001_AccountRegistartionTest.......
2025-12-11 15:53:10 INFO  testCases.TC001_AccountRegistartionTest - ...Clicked on my _account link..
2025-12-11 15:53:10 INFO  testCases.TC001_AccountRegistartionTest - ...Clicked on reg link..
2025-12-11 15:53:10 INFO  testCases.TC001_AccountRegistartionTest - ...Providing customer info ...
2025-12-11 15:53:12 INFO  testCases.TC001_AccountRegistartionTest - ...validating exp msg ...
2025-12-11 15:53:12 INFO  testCases.TC001_AccountRegistartionTest - .....finished TC001_AccountRegistartionTest.......
2025-12-11 15:53:14 INFO  testCases.TC002_LoginTest - URL opened: https://tutorialsninja.com/demo/
2025-12-11 15:53:17 INFO  testCases.TC002_LoginTest - ....Started TC002_LoginTest..........
2025-12-11 15:53:20 INFO  testCases.TC002_LoginTest - ....Completed TC002_LoginTest..........
2025-12-11 15:53:24 INFO  testCases.TC001_AccountRegistartionTest - URL opened: https://tutorialsninja.com/demo/
2025-12-11 15:53:27 INFO  testCases.TC001_AccountRegistartionTest - .....started TC001_AccountRegistartionTest.......
2025-12-11 15:53:28 INFO  testCases.TC001_AccountRegistartionTest - ...Clicked on my _account link..
2025-12-11 15:53:28 INFO  testCases.TC001_AccountRegistartionTest - ...Clicked on reg link..
2025-12-11 15:53:28 INFO  testCases.TC001_AccountRegistartionTest - ...Providing customer info ...
2025-12-11 15:53:30 INFO  testCases.TC001_AccountRegistartionTest - ...validating exp msg ...
2025-12-11 15:53:30 INFO  testCases.TC001_AccountRegistartionTest - .....finished TC001_AccountRegistartionTest.......
2025-12-11 15:53:32 INFO  testCases.TC002_LoginTest - URL opened: https://tutorialsninja.com/demo/
2025-12-11 15:53:35 INFO  testCases.TC002_LoginTest - ....Started TC002_LoginTest..........
2025-12-11 15:53:38 INFO  testCases.TC002_LoginTest - ....Completed TC002_LoginTest..........
2025-12-11 16:10:17 DEBUG org.testng.TestNG - suiteXmlPath: "C:\Users\HELLO PC\OneDrive\Documents\selenium\OpencartV121\grid-docker.xml"
2025-12-11 16:10:17 INFO  org.testng.internal.Utils - [TestNG] Running:
  C:\Users\HELLO PC\OneDrive\Documents\selenium\OpencartV121\grid-docker.xml

2025-12-11 16:10:23 INFO  testCases.TC001_AccountRegistartionTest - URL opened: https://tutorialsninja.com/demo/
2025-12-11 16:10:26 INFO  testCases.TC001_AccountRegistartionTest - .....started TC001_AccountRegistartionTest.......
2025-12-11 16:10:27 INFO  testCases.TC001_AccountRegistartionTest - ...Clicked on my _account link..
2025-12-11 16:10:27 INFO  testCases.TC001_AccountRegistartionTest - ...Clicked on reg link..
2025-12-11 16:10:27 INFO  testCases.TC001_AccountRegistartionTest - ...Providing customer info ...
2025-12-11 16:10:29 INFO  testCases.TC001_AccountRegistartionTest - ...validating exp msg ...
2025-12-11 16:10:29 INFO  testCases.TC001_AccountRegistartionTest - .....finished TC001_AccountRegistartionTest.......
2025-12-11 16:10:31 INFO  testCases.TC002_LoginTest - URL opened: https://tutorialsninja.com/demo/
2025-12-11 16:10:34 INFO  testCases.TC002_LoginTest - ....Started TC002_LoginTest..........
2025-12-11 16:10:37 INFO  testCases.TC002_LoginTest - ....Completed TC002_LoginTest..........
2025-12-11 16:10:43 INFO  testCases.TC001_AccountRegistartionTest - URL opened: https://tutorialsninja.com/demo/
2025-12-11 16:10:46 INFO  testCases.TC001_AccountRegistartionTest - .....started TC001_AccountRegistartionTest.......
2025-12-11 16:10:46 INFO  testCases.TC001_AccountRegistartionTest - ...Clicked on my _account link..
2025-12-11 16:10:47 INFO  testCases.TC001_AccountRegistartionTest - ...Clicked on reg link..
2025-12-11 16:10:47 INFO  testCases.TC001_AccountRegistartionTest - ...Providing customer info ...
2025-12-11 16:10:49 INFO  testCases.TC001_AccountRegistartionTest - ...validating exp msg ...
2025-12-11 16:10:49 INFO  testCases.TC001_AccountRegistartionTest - .....finished TC001_AccountRegistartionTest.......
2025-12-11 16:10:50 INFO  testCases.TC002_LoginTest - URL opened: https://tutorialsninja.com/demo/
2025-12-11 16:10:53 INFO  testCases.TC002_LoginTest - ....Started TC002_LoginTest..........
2025-12-11 16:10:56 INFO  testCases.TC002_LoginTest - ....Completed TC002_LoginTest..........
2025-12-11 16:11:41 DEBUG org.testng.TestNG - suiteXmlPath: "C:\Users\HELLO PC\OneDrive\Documents\selenium\OpencartV121\grid-docker.xml"
2025-12-11 16:11:41 INFO  org.testng.internal.Utils - [TestNG] Running:
  C:\Users\HELLO PC\OneDrive\Documents\selenium\OpencartV121\grid-docker.xml

2025-12-11 16:11:47 INFO  testCases.TC001_AccountRegistartionTest - URL opened: https://tutorialsninja.com/demo/
2025-12-11 16:11:50 INFO  testCases.TC001_AccountRegistartionTest - .....started TC001_AccountRegistartionTest.......
2025-12-11 16:11:50 INFO  testCases.TC001_AccountRegistartionTest - ...Clicked on my _account link..
2025-12-11 16:11:51 INFO  testCases.TC001_AccountRegistartionTest - ...Clicked on reg link..
2025-12-11 16:11:51 INFO  testCases.TC001_AccountRegistartionTest - ...Providing customer info ...
2025-12-11 16:11:53 INFO  testCases.TC001_AccountRegistartionTest - ...validating exp msg ...
2025-12-11 16:11:53 INFO  testCases.TC001_AccountRegistartionTest - .....finished TC001_AccountRegistartionTest.......
2025-12-11 16:11:54 INFO  testCases.TC002_LoginTest - URL opened: https://tutorialsninja.com/demo/
2025-12-11 16:11:57 INFO  testCases.TC002_LoginTest - ....Started TC002_LoginTest..........
2025-12-11 16:12:00 INFO  testCases.TC002_LoginTest - ....Completed TC002_LoginTest..........
2025-12-11 16:12:07 INFO  testCases.TC001_AccountRegistartionTest - URL opened: https://tutorialsninja.com/demo/
2025-12-11 16:12:10 INFO  testCases.TC001_AccountRegistartionTest - .....started TC001_AccountRegistartionTest.......
2025-12-11 16:12:11 INFO  testCases.TC001_AccountRegistartionTest - ...Clicked on my _account link..
2025-12-11 16:12:11 INFO  testCases.TC001_AccountRegistartionTest - ...Clicked on reg link..
2025-12-11 16:12:11 INFO  testCases.TC001_AccountRegistartionTest - ...Providing customer info ...
2025-12-11 16:12:13 INFO  testCases.TC001_AccountRegistartionTest - ...validating exp msg ...
2025-12-11 16:12:13 INFO  testCases.TC001_AccountRegistartionTest - .....finished TC001_AccountRegistartionTest.......
2025-12-11 16:12:15 INFO  testCases.TC002_LoginTest - URL opened: https://tutorialsninja.com/demo/
2025-12-11 16:12:18 INFO  testCases.TC002_LoginTest - ....Started TC002_LoginTest..........
2025-12-11 16:12:21 INFO  testCases.TC002_LoginTest - ....Completed TC002_LoginTest..........
2025-12-12 10:03:14 DEBUG org.testng.TestNG - suiteXmlPath: "C:\Users\HELLO PC\OneDrive\Documents\selenium\OpencartV121\master.xml"
2025-12-12 10:04:29 DEBUG org.testng.TestNG - suiteXmlPath: "C:\Users\HELLO PC\OneDrive\Documents\selenium\OpencartV121\master.xml"
2025-12-12 10:04:58 DEBUG org.testng.TestNG - suiteXmlPath: "C:\Users\HELLO PC\OneDrive\Documents\selenium\OpencartV121\master.xml"
2025-12-12 10:05:42 DEBUG org.testng.TestNG - suiteXmlPath: "C:\Users\HELLO PC\OneDrive\Documents\selenium\OpencartV121\master.xml"
2025-12-12 10:06:47 DEBUG org.testng.TestNG - suiteXmlPath: "C:\Users\HELLO PC\OneDrive\Documents\selenium\OpencartV121\master.xml"
2025-12-12 10:08:47 DEBUG org.testng.TestNG - suiteXmlPath: "C:\Users\HELLO PC\OneDrive\Documents\selenium\OpencartV121\master.xml"
2025-12-12 10:11:06 DEBUG org.testng.TestNG - suiteXmlPath: "C:\Users\HELLO PC\OneDrive\Documents\selenium\OpencartV121\master.xml"
2025-12-12 10:47:07 DEBUG org.testng.TestNG - suiteXmlPath: "C:\Users\HELLO PC\OneDrive\Documents\selenium\OpencartV121\master.xml"
2025-12-12 10:57:03 DEBUG org.testng.TestNG - suiteXmlPath: "C:\Users\HELLO PC\OneDrive\Documents\selenium\OpencartV121\master.xml"
